client-expo/modules/read-sms/android/build/intermediates/manifest_merge_blame_file/release/manifest-merger-blame-release-report.txt
1<?xml version="1.0" encoding="utf-8"?>
2<manifest xmlns:android="http://schemas.android.com/apk/res/android"
3    package="expo.modules.readsms" >
4
5    <uses-sdk android:minSdkVersion="21" />
5-->src\main\AndroidManifest.xml
6
7    <uses-permission android:name="android.permission.READ_SMS" />
7-->src\main\AndroidManifest.xml:2:5-66
7-->src\main\AndroidManifest.xml:2:22-64
8
9</manifest>